2012-11-01 14:22:41,539 -   CRITICAL - critical message
2012-11-01 14:26:53,548 -      DEBUG - debug message
2012-11-01 14:26:53,548 -       INFO - info message
2012-11-01 14:26:53,548 -    WARNING - warn message
2012-11-01 14:26:53,548 -      ERROR - error message
2012-11-01 14:26:53,549 -   CRITICAL - critical message
2012-11-01 14:28:54,559 -      DEBUG:< - debug message
2012-11-01 14:28:54,561 -       INFO:< - info message
2012-11-01 14:28:54,561 -    WARNING:< - warn message
2012-11-01 14:28:54,561 -      ERROR:< - error message
2012-11-01 14:28:54,561 -   CRITICAL:< - critical message
2012-11-01 14:33:38,513 -      DEBUG - debug message
2012-11-01 14:33:38,513 -       INFO - info message
2012-11-01 14:33:38,515 -    WARNING - warn message
2012-11-01 14:33:38,515 -      ERROR - error message
2012-11-01 14:33:38,515 -   CRITICAL - critical message
2012-11-01 14:35:49,259 - DEBUG      - debug message
2012-11-01 14:35:49,260 - INFO       - info message
2012-11-01 14:35:49,260 - WARNING    - warn message
2012-11-01 14:35:49,260 - ERROR      - error message
2012-11-01 14:35:49,260 - CRITICAL   - critical message
2012-11-01 14:36:26,819 - DEBUG    - debug message
2012-11-01 14:36:26,821 - INFO     - info message
2012-11-01 14:36:26,821 - WARNING  - warn message
2012-11-01 14:36:26,821 - ERROR    - error message
2012-11-01 14:36:26,821 - CRITICAL - critical message
2012-11-01 14:36:36,361 - DEBUG    - debug message
2012-11-01 14:36:36,361 - INFO     - info message
2012-11-01 14:36:36,361 - WARNING  - warn message
2012-11-01 14:36:36,361 - ERROR    - error message
2012-11-01 14:36:36,361 - CRITICAL - critical message
2013-09-11 20:26:35,289 - DEBUG    - debug message
2013-09-11 20:26:35,328 - INFO     - info message
2013-09-11 20:26:35,328 - WARNING  - warn message
2013-09-11 20:26:35,328 - ERROR    - error message
2013-09-11 20:26:35,328 - CRITICAL - critical message
